<?xml version="1.0" encoding="UTF-8"?>
<!-- Generated by org.testng.reporters.JUnitXMLReporter -->
<testsuite hostname="Sandeeps-MacBook-Air.local" ignored="0" name="Splashmath Demo Test" tests="11" failures="1" timestamp="2019-11-11T11:31:59 IST" time="109.114" errors="0">
  <testcase name="adam" time="0.014" classname="com.qa.splashmath.tests.MathFactsPageTest"/>
  <testcase name="fun" time="0.002" classname="com.qa.splashmath.tests.MathFactsPageTest"/>
  <testcase name="verifyGuestSignUpPopUpTest" time="20.548" classname="com.qa.splashmath.tests.MathFactsPageTest">
    <failure type="org.openqa.selenium.TimeoutException" message="Expected condition failed: waiting for visibility of element located by By.xpath: //div[@class=&amp;apos;bulb-box&amp;apos;]//preceding-sibling::table[@class=&amp;apos;tbl-arithmetic-cont&amp;apos;] (tried for 20 second(s) with 500 milliseconds interval)">
      <![CDATA[org.openqa.selenium.TimeoutException: Expected condition failed: waiting for visibility of element located by By.xpath: //div[@class='bulb-box']//preceding-sibling::table[@class='tbl-arithmetic-cont'] (tried for 20 second(s) with 500 milliseconds interval)
at org.openqa.selenium.support.ui.WebDriverWait.timeoutException(WebDriverWait.java:95)
at org.openqa.selenium.support.ui.FluentWait.until(FluentWait.java:272)
at com.qa.splashmath.utility.ElementUtility.waitForElementVisible(ElementUtility.java:89)
at com.qa.splashmath.utility.ElementUtility.playMathFactGame(ElementUtility.java:142)
at com.qa.splashmath.pages.MathFactsPage.clickStart(MathFactsPage.java:37)
at com.qa.splashmath.pages.MathFactsPage.playMathFact(MathFactsPage.java:30)
at com.qa.splashmath.tests.MathFactsPageTest.verifyGuestSignUpPopUpTest(MathFactsPageTest.java:49)
at sun.reflect.NativeMethodAccessorImpl.invoke0(Native Method)
at sun.reflect.NativeMethodAccessorImpl.invoke(NativeMethodAccessorImpl.java:62)
at sun.reflect.DelegatingMethodAccessorImpl.invoke(DelegatingMethodAccessorImpl.java:43)
at java.lang.reflect.Method.invoke(Method.java:498)
at org.testng.internal.MethodInvocationHelper.invokeMethod(MethodInvocationHelper.java:133)
at org.testng.internal.TestInvoker.invokeMethod(TestInvoker.java:584)
at org.testng.internal.TestInvoker.invokeTestMethod(TestInvoker.java:172)
at org.testng.internal.MethodRunner.runInSequence(MethodRunner.java:46)
at org.testng.internal.TestInvoker$MethodInvocationAgent.invoke(TestInvoker.java:804)
at org.testng.internal.TestInvoker.invokeTestMethods(TestInvoker.java:145)
at org.testng.internal.TestMethodWorker.invokeTestMethods(TestMethodWorker.java:146)
at org.testng.internal.TestMethodWorker.run(TestMethodWorker.java:128)
at java.util.ArrayList.forEach(ArrayList.java:1257)
at org.testng.TestRunner.privateRun(TestRunner.java:770)
at org.testng.TestRunner.run(TestRunner.java:591)
at org.testng.SuiteRunner.runTest(SuiteRunner.java:402)
at org.testng.SuiteRunner.runSequentially(SuiteRunner.java:396)
at org.testng.SuiteRunner.privateRun(SuiteRunner.java:355)
at org.testng.SuiteRunner.run(SuiteRunner.java:304)
at org.testng.SuiteRunnerWorker.runSuite(SuiteRunnerWorker.java:53)
at org.testng.SuiteRunnerWorker.run(SuiteRunnerWorker.java:96)
at org.testng.TestNG.runSuitesSequentially(TestNG.java:1180)
at org.testng.TestNG.runSuitesLocally(TestNG.java:1102)
at org.testng.TestNG.runSuites(TestNG.java:1032)
at org.testng.TestNG.run(TestNG.java:1000)
at org.testng.remote.AbstractRemoteTestNG.run(AbstractRemoteTestNG.java:115)
at org.testng.remote.RemoteTestNG.initAndRun(RemoteTestNG.java:251)
at org.testng.remote.RemoteTestNG.main(RemoteTestNG.java:77)
Caused by: org.openqa.selenium.NoSuchElementException: no such element: Unable to locate element: {"method":"xpath","selector":"//div[@class='bulb-box']//preceding-sibling::table[@class='tbl-arithmetic-cont']"}
  (Session info: chrome=78.0.3904.97)
For documentation on this error, please visit: https://www.seleniumhq.org/exceptions/no_such_element.html
Build info: version: '3.141.59', revision: 'e82be7d358', time: '2018-11-14T08:17:03'
System info: host: 'Sandeeps-MacBook-Air.local', ip: '192.168.0.2', os.name: 'Mac OS X', os.arch: 'x86_64', os.version: '10.13.6', java.version: '1.8.0_221'
Driver info: org.openqa.selenium.chrome.ChromeDriver
Capabilities {acceptInsecureCerts: false, browserName: chrome, browserVersion: 78.0.3904.97, chrome: {chromedriverVersion: 78.0.3904.70 (edb9c9f3de024..., userDataDir: /var/folders/fj/116hfs353pn...}, goog:chromeOptions: {debuggerAddress: localhost:63455}, javascriptEnabled: true, networkConnectionEnabled: false, pageLoadStrategy: normal, platform: MAC, platformName: MAC, proxy: Proxy(), setWindowRect: true, strictFileInteractability: false, timeouts: {implicit: 0, pageLoad: 300000, script: 30000}, unhandledPromptBehavior: dismiss and notify}
Session ID: bf89155cb13a7b418863241506a3adc6
*** Element info: {Using=xpath, value=//div[@class='bulb-box']//preceding-sibling::table[@class='tbl-arithmetic-cont']}
at sun.reflect.GeneratedConstructorAccessor16.newInstance(Unknown Source)
at sun.reflect.DelegatingConstructorAccessorImpl.newInstance(DelegatingConstructorAccessorImpl.java:45)
at java.lang.reflect.Constructor.newInstance(Constructor.java:423)
at org.openqa.selenium.remote.http.W3CHttpResponseCodec.createException(W3CHttpResponseCodec.java:187)
at org.openqa.selenium.remote.http.W3CHttpResponseCodec.decode(W3CHttpResponseCodec.java:122)
at org.openqa.selenium.remote.http.W3CHttpResponseCodec.decode(W3CHttpResponseCodec.java:49)
at org.openqa.selenium.remote.HttpCommandExecutor.execute(HttpCommandExecutor.java:158)
at org.openqa.selenium.remote.service.DriverCommandExecutor.execute(DriverCommandExecutor.java:83)
at org.openqa.selenium.remote.RemoteWebDriver.execute(RemoteWebDriver.java:552)
at org.openqa.selenium.remote.RemoteWebDriver.findElement(RemoteWebDriver.java:323)
at org.openqa.selenium.remote.RemoteWebDriver.findElementByXPath(RemoteWebDriver.java:428)
at org.openqa.selenium.By$ByXPath.findElement(By.java:353)
at org.openqa.selenium.remote.RemoteWebDriver.findElement(RemoteWebDriver.java:315)
at org.openqa.selenium.support.ui.ExpectedConditions$7.apply(ExpectedConditions.java:205)
at org.openqa.selenium.support.ui.ExpectedConditions$7.apply(ExpectedConditions.java:201)
at org.openqa.selenium.support.ui.FluentWait.until(FluentWait.java:249)
... 33 more
]]>
    </failure>
  </testcase> <!-- verifyGuestSignUpPopUpTest -->
  <testcase name="verifyCaseStudiesLinkPresentTest" time="0.078" classname="com.qa.splashmath.tests.LandingPageTest"/>
  <testcase name="verifyCurriculumLinkPresentTest" time="0.06" classname="com.qa.splashmath.tests.LandingPageTest"/>
  <testcase name="verifyFeatureAndPlansLinkPresentTest" time="0.058" classname="com.qa.splashmath.tests.LandingPageTest"/>
  <testcase name="verifyLandingPageTitleTest" time="0.008" classname="com.qa.splashmath.tests.LandingPageTest"/>
  <testcase name="verifyParentSignUpForFreeButtonPresentTest" time="0.064" classname="com.qa.splashmath.tests.LandingPageTest"/>
  <testcase name="verifySignInButtonPresentTest" time="0.065" classname="com.qa.splashmath.tests.LandingPageTest"/>
  <testcase name="verifySplashmathLogoPresentTest" time="0.047" classname="com.qa.splashmath.tests.LandingPageTest"/>
  <testcase name="verifyTeacherSignUpForFreeButtonPresentTest" time="0.067" classname="com.qa.splashmath.tests.LandingPageTest"/>
</testsuite> <!-- Splashmath Demo Test -->
